This file contains any messages produced by compilers while
running configure, to aid debugging if configure makes a mistake.

It was created by isp configure 0.2.0, which was
generated by GNU Autoconf 2.68.  Invocation command line was

  $ ../configure --prefix=/uusoc/res/uv/svs/isp-predictive/install --disable-gui --with-mpi-inc-dir=/uusoc/res/uv/svs/mpich2-install/include/ --no-create --no-recursion

## --------- ##
## Platform. ##
## --------- ##

hostname = dhriti
uname -m = x86_64
uname -r = 3.19.0-25-generic
uname -s = Linux
uname -v = #26~14.04.1-Ubuntu SMP Fri Jul 24 21:16:20 UTC 2015

/usr/bin/uname -p = unknown
/bin/uname -X     = unknown

/bin/arch              = unknown
/usr/bin/arch -k       = unknown
/usr/convex/getsysinfo = unknown
/usr/bin/hostinfo      = unknown
/bin/machine           = unknown
/usr/bin/oslevel       = unknown
/bin/universe          = unknown

PATH: /usr/local/sbin
PATH: /usr/local/bin
PATH: /usr/sbin
PATH: /usr/bin
PATH: /sbin
PATH: /bin
PATH: /usr/games
PATH: /usr/local/games


## ----------- ##
## Core tests. ##
## ----------- ##

configure:2695: checking for a BSD-compatible install
configure:2763: result: /usr/bin/install -c
configure:2774: checking whether build environment is sane
configure:2824: result: yes
configure:2965: checking for a thread-safe mkdir -p
configure:3004: result: /bin/mkdir -p
configure:3017: checking for gawk
configure:3033: found /usr/bin/gawk
configure:3044: result: gawk
configure:3055: checking whether make sets $(MAKE)
configure:3077: result: yes
configure:3101: error: source directory already configured; run "make distclean" there first

## ---------------- ##
## Cache variables. ##
## ---------------- ##

ac_cv_env_CCC_set=''
ac_cv_env_CCC_value=''
ac_cv_env_CC_set=''
ac_cv_env_CC_value=''
ac_cv_env_CFLAGS_set=''
ac_cv_env_CFLAGS_value=''
ac_cv_env_CPPFLAGS_set=''
ac_cv_env_CPPFLAGS_value=''
ac_cv_env_CPP_set=''
ac_cv_env_CPP_value=''
ac_cv_env_CXXCPP_set=''
ac_cv_env_CXXCPP_value=''
ac_cv_env_CXXFLAGS_set=''
ac_cv_env_CXXFLAGS_value=''
ac_cv_env_CXX_set=''
ac_cv_env_CXX_value=''
ac_cv_env_LDFLAGS_set=''
ac_cv_env_LDFLAGS_value=''
ac_cv_env_LIBS_set=''
ac_cv_env_LIBS_value=''
ac_cv_env_build_alias_set=''
ac_cv_env_build_alias_value=''
ac_cv_env_host_alias_set=''
ac_cv_env_host_alias_value=''
ac_cv_env_target_alias_set=''
ac_cv_env_target_alias_value=''
ac_cv_path_install='/usr/bin/install -c'
ac_cv_path_mkdir='/bin/mkdir'
ac_cv_prog_AWK='gawk'
ac_cv_prog_make_make_set='yes'

## ----------------- ##
## Output variables. ##
## ----------------- ##

ACLOCAL=''
AMDEPBACKSLASH=''
AMDEP_FALSE=''
AMDEP_TRUE=''
AMTAR=''
AR=''
AUTOCONF=''
AUTOHEADER=''
AUTOMAKE=''
AWK='gawk'
BINDIR=''
CC=''
CCDEPMODE=''
CFLAGS=''
COND_COMPILE_JAVA_FALSE=''
COND_COMPILE_JAVA_TRUE=''
COND_GUI_FALSE=''
COND_GUI_TRUE=''
COND_HAS_MPIEXEC_FALSE=''
COND_HAS_MPIEXEC_TRUE=''
COND_MPICXX_FALSE=''
COND_MPICXX_TRUE=''
COND_STATIC_LINK_FALSE=''
COND_STATIC_LINK_TRUE=''
COND_TESTS_FALSE=''
COND_TESTS_TRUE=''
CPP=''
CPPFLAGS=''
CXX=''
CXXCPP=''
CXXDEPMODE=''
CXXFLAGS=''
CYGPATH_W=''
DEFS=''
DEPDIR=''
DLLTOOL=''
DSYMUTIL=''
DUMPBIN=''
ECHO_C=''
ECHO_N='-n'
ECHO_T=''
EGREP=''
EXEEXT=''
FGREP=''
FUNCTION_NAME_VAR=''
GREP=''
INCDIR=''
INSTALL_DATA='${INSTALL} -m 644'
INSTALL_LIBOPTS_FALSE=''
INSTALL_LIBOPTS_TRUE=''
INSTALL_PROGRAM='${INSTALL}'
INSTALL_SCRIPT='${INSTALL}'
INSTALL_STRIP_PROGRAM='$(install_sh) -c -s'
JAR=''
JAVA=''
JAVAC=''
LD=''
LDFLAGS=''
LIBDIR=''
LIBOBJS=''
LIBOPTS_CFLAGS=''
LIBOPTS_DIR=''
LIBOPTS_LDADD=''
LIBS=''
LIBTOOL=''
LIBTOOL_DEPS=''
LIPO=''
LN_S=''
LTLIBOBJS=''
MAINT=''
MAINTAINER_MODE_FALSE=''
MAINTAINER_MODE_TRUE=''
MAKEINFO=''
MANIFEST_TOOL=''
MKDIR_P='/bin/mkdir -p'
MPICC=''
MPICXX=''
MPIDIR=''
MPI_BINDIR=''
MPI_INCDIR=''
NEED_LIBOPTS_FALSE=''
NEED_LIBOPTS_TRUE=''
NM=''
NMEDIT=''
OBJDUMP=''
OBJEXT=''
OTOOL64=''
OTOOL=''
PACKAGE=''
PACKAGE_BUGREPORT='gauss@cs.utah.edu'
PACKAGE_NAME='isp'
PACKAGE_STRING='isp 0.2.0'
PACKAGE_TARNAME='isp'
PACKAGE_URL=''
PACKAGE_VERSION='0.2.0'
PATH_SEPARATOR=':'
RANLIB=''
SED=''
SET_MAKE=''
SHELL='/bin/sh'
STRIP=''
VERSION=''
ac_ct_AR=''
ac_ct_CC=''
ac_ct_CXX=''
ac_ct_DUMPBIN=''
am__EXEEXT_FALSE=''
am__EXEEXT_TRUE=''
am__fastdepCC_FALSE=''
am__fastdepCC_TRUE=''
am__fastdepCXX_FALSE=''
am__fastdepCXX_TRUE=''
am__include=''
am__isrc=' -I$(srcdir)'
am__leading_dot='.'
am__nodep=''
am__quote=''
am__tar=''
am__untar=''
bindir='${exec_prefix}/bin'
build=''
build_alias=''
build_cpu=''
build_os=''
build_vendor=''
datadir='${datarootdir}'
datarootdir='${prefix}/share'
docdir='${datarootdir}/doc/${PACKAGE_TARNAME}'
dvidir='${docdir}'
exec_prefix='NONE'
host=''
host_alias=''
host_cpu=''
host_os=''
host_vendor=''
htmldir='${docdir}'
include_ispdir=''
includedir='${prefix}/include'
infodir='${datarootdir}/info'
install_sh='${SHELL} /home/dhriti/Dropbox/mopper-spo/install-sh'
jar=''
java=''
javac=''
libdir='${exec_prefix}/lib'
libexecdir='${exec_prefix}/libexec'
localedir='${datarootdir}/locale'
localstatedir='${prefix}/var'
mandir='${datarootdir}/man'
mkdir_p='/bin/mkdir -p'
mpi_dir=''
mpicc=''
mpicxx=''
oldincludedir='/usr/include'
pdfdir='${docdir}'
prefix='/uusoc/res/uv/svs/isp-predictive/install'
program_transform_name='s,x,x,'
psdir='${docdir}'
sbindir='${exec_prefix}/sbin'
sharedstatedir='${prefix}/com'
sysconfdir='${prefix}/etc'
target_alias=''

## ----------- ##
## confdefs.h. ##
## ----------- ##

/* confdefs.h */
#define PACKAGE_NAME "isp"
#define PACKAGE_TARNAME "isp"
#define PACKAGE_VERSION "0.2.0"
#define PACKAGE_STRING "isp 0.2.0"
#define PACKAGE_BUGREPORT "gauss@cs.utah.edu"
#define PACKAGE_URL ""

configure: exit 1
